<?xml version="1.0" encoding="UTF-8"?>
<!-- Generated by org.testng.reporters.JUnitXMLReporter -->
<testsuite ignored="0" hostname="DESKTOP-LFQO311" failures="1" tests="7" name="Surefire test" time="103.115" errors="0" timestamp="2024-12-14T23:15:27 IST">
  <testcase classname="project.tests.ErrorValidationTest" name="loginValidation" time="0.993">
    <skipped/>
  </testcase> <!-- loginValidation -->
  <testcase classname="project.tests.ErrorValidationTest" name="loginValidation" time="1.14">
    <skipped/>
  </testcase> <!-- loginValidation -->
  <testcase classname="project.tests.ErrorValidationTest" name="loginValidation" time="0.908">
    <failure type="java.lang.AssertionError" message="expected [Incorrect email password.] but found [Incorrect email or password.]">
      <![CDATA[java.lang.AssertionError: expected [Incorrect email password.] but found [Incorrect email or password.]
at project.tests.ErrorValidationTest.loginValidation(ErrorValidationTest.java:22)
at java.base/java.util.ArrayList.forEach(ArrayList.java:1596)
... Removed 36 stack frames]]>
    </failure>
  </testcase> <!-- loginValidation -->
  <testcase classname="project.tests.ErrorValidationTest" name="productValidation" time="3.792"/>
  <testcase classname="project.tests.SubmitOrderTest" name="submitOrder" time="7.419"/>
  <testcase classname="project.tests.SubmitOrderTest" name="submitOrder" time="5.075"/>
  <testcase classname="project.tests.SubmitOrderTest" name="orderHistoryTest" time="1.468"/>
</testsuite> <!-- Surefire test -->
