<?xml version="1.0" encoding="UTF-8"?>
<!-- Generated by org.testng.reporters.JUnitXMLReporter -->
<testsuite ignored="0" hostname="DESKTOP-LFQO311" failures="1" tests="4" name="Error Validation Test" time="39.542" errors="0" timestamp="2024-12-11T17:22:46 IST">
  <testcase classname="project.tests.ErrorValidationTest" name="loginValidation" time="1.364">
    <skipped/>
  </testcase> <!-- loginValidation -->
  <testcase classname="project.tests.ErrorValidationTest" name="loginValidation" time="3.401">
    <skipped/>
  </testcase> <!-- loginValidation -->
  <testcase classname="project.tests.ErrorValidationTest" name="loginValidation" time="0.994">
    <failure type="java.lang.AssertionError" message="expected [Incorrect email password.] but found [Incorrect email or password.]">
      <![CDATA[java.lang.AssertionError: expected [Incorrect email password.] but found [Incorrect email or password.]
at project.tests.ErrorValidationTest.loginValidation(ErrorValidationTest.java:22)
at java.base/java.util.ArrayList.forEach(ArrayList.java:1596)
at java.base/java.util.concurrent.FutureTask.run(FutureTask.java:317)
at java.base/java.util.concurrent.ThreadPoolExecutor.runWorker(ThreadPoolExecutor.java:1144)
at java.base/java.util.concurrent.ThreadPoolExecutor$Worker.run(ThreadPoolExecutor.java:642)
at java.base/java.lang.Thread.run(Thread.java:1583)
... Removed 22 stack frames]]>
    </failure>
  </testcase> <!-- loginValidation -->
  <testcase classname="project.tests.ErrorValidationTest" name="productValidation" time="7.734"/>
</testsuite> <!-- Error Validation Test -->
